<?xml version="1.0" encoding="UTF-8"?>
<!-- Generated by org.testng.reporters.JUnitReportReporter -->
<testsuite hostname="D-E-V-E-N" failures="0" tests="1" name="com.selenium.capstone.tests.LoginTest" time="4.744" errors="0" timestamp="2025-08-08T17:52:11 IST" skipped="0">
  <testcase classname="com.selenium.capstone.tests.LoginTest" name="loginWithValidCredentials" time="4.744"/>
</testsuite> <!-- com.selenium.capstone.tests.LoginTest -->
