<?xml version="1.0" encoding="UTF-8"?>
<!-- Generated by org.testng.reporters.JUnitReportReporter -->
<testsuite hostname="D-E-V-E-N" failures="0" tests="1" name="com.selenium.capstone.tests.AdminTest" time="6.113" errors="0" timestamp="2025-08-17T02:18:18 IST" skipped="0">
  <testcase classname="com.selenium.capstone.tests.AdminTest" name="adminLoginFunctionalityTest" time="6.113"/>
</testsuite> <!-- com.selenium.capstone.tests.AdminTest -->
