<?xml version="1.0" encoding="UTF-8"?>
<!-- Generated by org.testng.reporters.JUnitReportReporter -->
<testsuite hostname="D-E-V-E-N" failures="0" tests="1" name="com.selenium.capstone.tests.ExistingEmployeeTestByUsername" time="23.272" errors="0" timestamp="2025-08-17T02:34:01 IST" skipped="0">
  <testcase classname="com.selenium.capstone.tests.ExistingEmployeeTestByUsername" name="searchExistingEmployeeByUsername" time="23.272"/>
</testsuite> <!-- com.selenium.capstone.tests.ExistingEmployeeTestByUsername -->
