<?xml version="1.0" encoding="UTF-8"?>
<!-- Generated by org.testng.reporters.JUnitReportReporter -->
<testsuite hostname="D-E-V-E-N" failures="0" tests="1" name="com.selenium.capstone.tests.ExistingEmployeeTestByUserRole" time="24.822" errors="0" timestamp="2025-08-17T02:38:48 IST" skipped="0">
  <testcase classname="com.selenium.capstone.tests.ExistingEmployeeTestByUserRole" name="searchExistingEmployeeTestByUserRole" time="24.822"/>
</testsuite> <!-- com.selenium.capstone.tests.ExistingEmployeeTestByUserRole -->
